<?xml version="1.0" encoding="UTF-8"?>
<testsuites>
<testsuite xmlns:xsi="http://www.w3.org/2001/XMLSchema-instance" xsi:noNamespaceSchemaLocation="https://maven.apache.org/surefire/maven-surefire-plugin/xsd/surefire-test-report.xsd" name="DemoBankingApp.ACHPaymentTests" time="9.962" tests="8" errors="0" skipped="0" failures="0"> <properties>
[...]
</properties> <testcase name="ACHPaymentTest[1]" classname="DemoBankingApp.ACHPaymentTests" time="1.194"/> <testcase name="ACHPaymentTest[2]" classname="DemoBankingApp.ACHPaymentTests" time="1.25"/> <testcase name="ACHPaymentTest[3]" classname="DemoBankingApp.ACHPaymentTests" time="1.251"/> <testcase name="ACHPaymentTest[4]" classname="DemoBankingApp.ACHPaymentTests" time="1.251"/> <testcase name="ACHPaymentTest[5]" classname="DemoBankingApp.ACHPaymentTests" time="1.255"/> <testcase name="ACHPaymentTest[6]" classname="DemoBankingApp.ACHPaymentTests" time="1.25"/> <testcase name="ACHPaymentTest[7]" classname="DemoBankingApp.ACHPaymentTests" time="1.251"/> <testcase name="ACHPaymentTest[8]" classname="DemoBankingApp.ACHPaymentTests" time="1.25"/> </testsuite>
<testsuite xmlns:xsi="http://www.w3.org/2001/XMLSchema-instance" xsi:noNamespaceSchemaLocation="https://maven.apache.org/surefire/maven-surefire-plugin/xsd/surefire-test-report.xsd" name="DemoBankingApp.AccountTests" time="42.117" tests="42" errors="0" skipped="0" failures="0"> <properties>
[...]
</properties> <testcase name="AccountTest[1]" classname="DemoBankingApp.AccountTests" time="1.01"/> <testcase name="AccountTest[2]" classname="DemoBankingApp.AccountTests" time="1"/> <testcase name="AccountTest[3]" classname="DemoBankingApp.AccountTests" time="1"/> <testcase name="AccountTest[4]" classname="DemoBankingApp.AccountTests" time="1.003"/> <testcase name="AccountTest[5]" classname="DemoBankingApp.AccountTests" time="1.001"/> <testcase name="AccountTest[6]" classname="DemoBankingApp.AccountTests" time="1"/> <testcase name="AccountTest[7]" classname="DemoBankingApp.AccountTests" time="1.001"/> <testcase name="AccountTest[8]" classname="DemoBankingApp.AccountTests" time="1"/> <testcase name="AccountTest[9]" classname="DemoBankingApp.AccountTests" time="1"/> <testcase name="AccountTest[10]" classname="DemoBankingApp.AccountTests" time="1.001"/> <testcase name="AccountTest[11]" classname="DemoBankingApp.AccountTests" time="1"/> <testcase name="AccountTest[12]" classname="DemoBankingApp.AccountTests" time="1"/> <testcase name="AccountTest[13]" classname="DemoBankingApp.AccountTests" time="1.002"/> <testcase name="AccountTest[14]" classname="DemoBankingApp.AccountTests" time="1"/> <testcase name="AccountTest[15]" classname="DemoBankingApp.AccountTests" time="1.001"/> <testcase name="AccountTest[16]" classname="DemoBankingApp.AccountTests" time="1"/> <testcase name="AccountTest[17]" classname="DemoBankingApp.AccountTests" time="1.002"/> <testcase name="AccountTest[18]" classname="DemoBankingApp.AccountTests" time="1.003"/> <testcase name="AccountTest[19]" classname="DemoBankingApp.AccountTests" time="1.001"/> <testcase name="AccountTest[20]" classname="DemoBankingApp.AccountTests" time="1.001"/> <testcase name="AccountTest[21]" classname="DemoBankingApp.AccountTests" time="1"/> <testcase name="AccountTest[22]" classname="DemoBankingApp.AccountTests" time="1"/> <testcase name="AccountTest[23]" classname="DemoBankingApp.AccountTests" time="1"/> <testcase name="AccountTest[24]" classname="DemoBankingApp.AccountTests" time="1.001"/> <testcase name="AccountTest[25]" classname="DemoBankingApp.AccountTests" time="1.001"/> <testcase name="AccountTest[26]" classname="DemoBankingApp.AccountTests" time="1"/> <testcase name="AccountTest[27]" classname="DemoBankingApp.AccountTests" time="1.004"/> <testcase name="AccountTest[28]" classname="DemoBankingApp.AccountTests" time="1"/> <testcase name="AccountTest[29]" classname="DemoBankingApp.AccountTests" time="1.001"/> <testcase name="AccountTest[30]" classname="DemoBankingApp.AccountTests" time="1"/> <testcase name="AccountTest[31]" classname="DemoBankingApp.AccountTests" time="1.003"/> <testcase name="AccountTest[32]" classname="DemoBankingApp.AccountTests" time="1.001"/> <testcase name="AccountTest[33]" classname="DemoBankingApp.AccountTests" time="1.001"/> <testcase name="AccountTest[34]" classname="DemoBankingApp.AccountTests" time="1"/> <testcase name="AccountTest[35]" classname="DemoBankingApp.AccountTests" time="1"/> <testcase name="AccountTest[36]" classname="DemoBankingApp.AccountTests" time="1.001"/> <testcase name="AccountTest[37]" classname="DemoBankingApp.AccountTests" time="1"/> <testcase name="AccountTest[38]" classname="DemoBankingApp.AccountTests" time="1.002"/> <testcase name="AccountTest[39]" classname="DemoBankingApp.AccountTests" time="1"/> <testcase name="AccountTest[40]" classname="DemoBankingApp.AccountTests" time="1"/> <testcase name="AccountTest[41]" classname="DemoBankingApp.AccountTests" time="1"/> <testcase name="AccountTest[42]" classname="DemoBankingApp.AccountTests" time="1"/> </testsuite>
<testsuite xmlns:xsi="http://www.w3.org/2001/XMLSchema-instance" xsi:noNamespaceSchemaLocation="https://maven.apache.org/surefire/maven-surefire-plugin/xsd/surefire-test-report.xsd" name="DemoBankingApp.BranchConfigurationTests" time="77.059" tests="44" errors="0" skipped="0" failures="0"> <properties>
[...]
</properties> <testcase name="BranchConfigurationTest[1]" classname="DemoBankingApp.BranchConfigurationTests" time="1.73"/> <testcase name="BranchConfigurationTest[2]" classname="DemoBankingApp.BranchConfigurationTests" time="1.75"/> <testcase name="BranchConfigurationTest[3]" classname="DemoBankingApp.BranchConfigurationTests" time="1.75"/> <testcase name="BranchConfigurationTest[4]" classname="DemoBankingApp.BranchConfigurationTests" time="1.751"/> <testcase name="BranchConfigurationTest[5]" classname="DemoBankingApp.BranchConfigurationTests" time="1.75"/> <testcase name="BranchConfigurationTest[6]" classname="DemoBankingApp.BranchConfigurationTests" time="1.75"/> <testcase name="BranchConfigurationTest[7]" classname="DemoBankingApp.BranchConfigurationTests" time="1.752"/> <testcase name="BranchConfigurationTest[8]" classname="DemoBankingApp.BranchConfigurationTests" time="1.751"/> <testcase name="BranchConfigurationTest[9]" classname="DemoBankingApp.BranchConfigurationTests" time="1.75"/> <testcase name="BranchConfigurationTest[10]" classname="DemoBankingApp.BranchConfigurationTests" time="1.751"/> <testcase name="BranchConfigurationTest[11]" classname="DemoBankingApp.BranchConfigurationTests" time="1.75"/> <testcase name="BranchConfigurationTest[12]" classname="DemoBankingApp.BranchConfigurationTests" time="1.751"/> <testcase name="BranchConfigurationTest[13]" classname="DemoBankingApp.BranchConfigurationTests" time="1.752"/> <testcase name="BranchConfigurationTest[14]" classname="DemoBankingApp.BranchConfigurationTests" time="1.751"/> <testcase name="BranchConfigurationTest[15]" classname="DemoBankingApp.BranchConfigurationTests" time="1.751"/> <testcase name="BranchConfigurationTest[16]" classname="DemoBankingApp.BranchConfigurationTests" time="1.75"/> <testcase name="BranchConfigurationTest[17]" classname="DemoBankingApp.BranchConfigurationTests" time="1.75"/> <testcase name="BranchConfigurationTest[18]" classname="DemoBankingApp.BranchConfigurationTests" time="1.75"/> <testcase name="BranchConfigurationTest[19]" classname="DemoBankingApp.BranchConfigurationTests" time="1.75"/> <testcase name="BranchConfigurationTest[20]" classname="DemoBankingApp.BranchConfigurationTests" time="1.751"/> <testcase name="BranchConfigurationTest[21]" classname="DemoBankingApp.BranchConfigurationTests" time="1.75"/> <testcase name="BranchConfigurationTest[22]" classname="DemoBankingApp.BranchConfigurationTests" time="1.752"/> <testcase name="BranchConfigurationTest[23]" classname="DemoBankingApp.BranchConfigurationTests" time="1.751"/> <testcase name="BranchConfigurationTest[24]" classname="DemoBankingApp.BranchConfigurationTests" time="1.75"/> <testcase name="BranchConfigurationTest[25]" classname="DemoBankingApp.BranchConfigurationTests" time="1.751"/> <testcase name="BranchConfigurationTest[26]" classname="DemoBankingApp.BranchConfigurationTests" time="1.75"/> <testcase name="BranchConfigurationTest[27]" classname="DemoBankingApp.BranchConfigurationTests" time="1.75"/> <testcase name="BranchConfigurationTest[28]" classname="DemoBankingApp.BranchConfigurationTests" time="1.751"/> <testcase name="BranchConfigurationTest[29]" classname="DemoBankingApp.BranchConfigurationTests" time="1.75"/> <testcase name="BranchConfigurationTest[30]" classname="DemoBankingApp.BranchConfigurationTests" time="1.751"/> <testcase name="BranchConfigurationTest[31]" classname="DemoBankingApp.BranchConfigurationTests" time="1.751"/> <testcase name="BranchConfigurationTest[32]" classname="DemoBankingApp.BranchConfigurationTests" time="1.752"/> <testcase name="BranchConfigurationTest[33]" classname="DemoBankingApp.BranchConfigurationTests" time="1.751"/> <testcase name="BranchConfigurationTest[34]" classname="DemoBankingApp.BranchConfigurationTests" time="1.751"/> <testcase name="BranchConfigurationTest[35]" classname="DemoBankingApp.BranchConfigurationTests" time="1.75"/> <testcase name="BranchConfigurationTest[36]" classname="DemoBankingApp.BranchConfigurationTests" time="1.751"/> <testcase name="BranchConfigurationTest[37]" classname="DemoBankingApp.BranchConfigurationTests" time="1.75"/> <testcase name="BranchConfigurationTest[38]" classname="DemoBankingApp.BranchConfigurationTests" time="1.75"/> <testcase name="BranchConfigurationTest[39]" classname="DemoBankingApp.BranchConfigurationTests" time="1.751"/> <testcase name="BranchConfigurationTest[40]" classname="DemoBankingApp.BranchConfigurationTests" time="1.749"/> <testcase name="BranchConfigurationTest[41]" classname="DemoBankingApp.BranchConfigurationTests" time="1.75"/> <testcase name="BranchConfigurationTest[42]" classname="DemoBankingApp.BranchConfigurationTests" time="1.751"/> <testcase name="BranchConfigurationTest[43]" classname="DemoBankingApp.BranchConfigurationTests" time="1.752"/> <testcase name="BranchConfigurationTest[44]" classname="DemoBankingApp.BranchConfigurationTests" time="1.75"/> </testsuite>
<testsuite xmlns:xsi="http://www.w3.org/2001/XMLSchema-instance" xsi:noNamespaceSchemaLocation="https://maven.apache.org/surefire/maven-surefire-plugin/xsd/surefire-test-report.xsd" name="DemoBankingApp.CheckingAccountTests" time="2.038" tests="16" errors="0" skipped="0" failures="0"> <properties>
[...]
</properties> <testcase name="CheckingAccountTest[1]" classname="DemoBankingApp.CheckingAccountTests" time="0.104"/> <testcase name="CheckingAccountTest[2]" classname="DemoBankingApp.CheckingAccountTests" time="0.125"/> <testcase name="CheckingAccountTest[3]" classname="DemoBankingApp.CheckingAccountTests" time="0.128"/> <testcase name="CheckingAccountTest[4]" classname="DemoBankingApp.CheckingAccountTests" time="0.128"/> <testcase name="CheckingAccountTest[5]" classname="DemoBankingApp.CheckingAccountTests" time="0.127"/> <testcase name="CheckingAccountTest[6]" classname="DemoBankingApp.CheckingAccountTests" time="0.127"/> <testcase name="CheckingAccountTest[7]" classname="DemoBankingApp.CheckingAccountTests" time="0.125"/> <testcase name="CheckingAccountTest[8]" classname="DemoBankingApp.CheckingAccountTests" time="0.127"/> <testcase name="CheckingAccountTest[9]" classname="DemoBankingApp.CheckingAccountTests" time="0.125"/> <testcase name="CheckingAccountTest[10]" classname="DemoBankingApp.CheckingAccountTests" time="0.126"/> <testcase name="CheckingAccountTest[11]" classname="DemoBankingApp.CheckingAccountTests" time="0.128"/> <testcase name="CheckingAccountTest[12]" classname="DemoBankingApp.CheckingAccountTests" time="0.127"/> <testcase name="CheckingAccountTest[13]" classname="DemoBankingApp.CheckingAccountTests" time="0.127"/> <testcase name="CheckingAccountTest[14]" classname="DemoBankingApp.CheckingAccountTests" time="0.127"/> <testcase name="CheckingAccountTest[15]" classname="DemoBankingApp.CheckingAccountTests" time="0.126"/> <testcase name="CheckingAccountTest[16]" classname="DemoBankingApp.CheckingAccountTests" time="0.129"/> </testsuite>
<testsuite xmlns:xsi="http://www.w3.org/2001/XMLSchema-instance" xsi:noNamespaceSchemaLocation="https://maven.apache.org/surefire/maven-surefire-plugin/xsd/surefire-test-report.xsd" name="DemoBankingApp.ChequeProcessingTests" time="18.97" tests="63" errors="0" skipped="0" failures="0"> <properties>
[...]
</properties> <testcase name="ChequeProcessingTest[1]" classname="DemoBankingApp.ChequeProcessingTests" time="0.269"/> <testcase name="ChequeProcessingTest[2]" classname="DemoBankingApp.ChequeProcessingTests" time="0.301"/> <testcase name="ChequeProcessingTest[3]" classname="DemoBankingApp.ChequeProcessingTests" time="0.3"/> <testcase name="ChequeProcessingTest[4]" classname="DemoBankingApp.ChequeProcessingTests" time="0.3"/> <testcase name="ChequeProcessingTest[5]" classname="DemoBankingApp.ChequeProcessingTests" time="0.3"/> <testcase name="ChequeProcessingTest[6]" classname="DemoBankingApp.ChequeProcessingTests" time="0.301"/> <testcase name="ChequeProcessingTest[7]" classname="DemoBankingApp.ChequeProcessingTests" time="0.3"/> <testcase name="ChequeProcessingTest[8]" classname="DemoBankingApp.ChequeProcessingTests" time="0.299"/> <testcase name="ChequeProcessingTest[9]" classname="DemoBankingApp.ChequeProcessingTests" time="0.3"/> <testcase name="ChequeProcessingTest[10]" classname="DemoBankingApp.ChequeProcessingTests" time="0.301"/> <testcase name="ChequeProcessingTest[11]" classname="DemoBankingApp.ChequeProcessingTests" time="0.3"/> <testcase name="ChequeProcessingTest[12]" classname="DemoBankingApp.ChequeProcessingTests" time="0.302"/> <testcase name="ChequeProcessingTest[13]" classname="DemoBankingApp.ChequeProcessingTests" time="0.3"/> <testcase name="ChequeProcessingTest[14]" classname="DemoBankingApp.ChequeProcessingTests" time="0.3"/> <testcase name="ChequeProcessingTest[15]" classname="DemoBankingApp.ChequeProcessingTests" time="0.3"/> <testcase name="ChequeProcessingTest[16]" classname="DemoBankingApp.ChequeProcessingTests" time="0.301"/> <testcase name="ChequeProcessingTest[17]" classname="DemoBankingApp.ChequeProcessingTests" time="0.303"/> <testcase name="ChequeProcessingTest[18]" classname="DemoBankingApp.ChequeProcessingTests" time="0.303"/> <testcase name="ChequeProcessingTest[19]" classname="DemoBankingApp.ChequeProcessingTests" time="0.3"/> <testcase name="ChequeProcessingTest[20]" classname="DemoBankingApp.ChequeProcessingTests" time="0.301"/> <testcase name="ChequeProcessingTest[21]" classname="DemoBankingApp.ChequeProcessingTests" time="0.301"/> <testcase name="ChequeProcessingTest[22]" classname="DemoBankingApp.ChequeProcessingTests" time="0.3"/> <testcase name="ChequeProcessingTest[23]" classname="DemoBankingApp.ChequeProcessingTests" time="0.301"/> <testcase name="ChequeProcessingTest[24]" classname="DemoBankingApp.ChequeProcessingTests" time="0.3"/> <testcase name="ChequeProcessingTest[25]" classname="DemoBankingApp.ChequeProcessingTests" time="0.301"/> <testcase name="ChequeProcessingTest[26]" classname="DemoBankingApp.ChequeProcessingTests" time="0.301"/> <testcase name="ChequeProcessingTest[27]" classname="DemoBankingApp.ChequeProcessingTests" time="0.3"/> <testcase name="ChequeProcessingTest[28]" classname="DemoBankingApp.ChequeProcessingTests" time="0.3"/> <testcase name="ChequeProcessingTest[29]" classname="DemoBankingApp.ChequeProcessingTests" time="0.301"/> <testcase name="ChequeProcessingTest[30]" classname="DemoBankingApp.ChequeProcessingTests" time="0.301"/> <testcase name="ChequeProcessingTest[31]" classname="DemoBankingApp.ChequeProcessingTests" time="0.3"/> <testcase name="ChequeProcessingTest[32]" classname="DemoBankingApp.ChequeProcessingTests" time="0.3"/> <testcase name="ChequeProcessingTest[33]" classname="DemoBankingApp.ChequeProcessingTests" time="0.301"/> <testcase name="ChequeProcessingTest[34]" classname="DemoBankingApp.ChequeProcessingTests" time="0.3"/> <testcase name="ChequeProcessingTest[35]" classname="DemoBankingApp.ChequeProcessingTests" time="0.301"/> <testcase name="ChequeProcessingTest[36]" classname="DemoBankingApp.ChequeProcessingTests" time="0.301"/> <testcase name="ChequeProcessingTest[37]" classname="DemoBankingApp.ChequeProcessingTests" time="0.301"/> <testcase name="ChequeProcessingTest[38]" classname="DemoBankingApp.ChequeProcessingTests" time="0.301"/> <testcase name="ChequeProcessingTest[39]" classname="DemoBankingApp.ChequeProcessingTests" time="0.3"/> <testcase name="ChequeProcessingTest[40]" classname="DemoBankingApp.ChequeProcessingTests" time="0.301"/> <testcase name="ChequeProcessingTest[41]" classname="DemoBankingApp.ChequeProcessingTests" time="0.3"/> <testcase name="ChequeProcessingTest[42]" classname="DemoBankingApp.ChequeProcessingTests" time="0.3"/> <testcase name="ChequeProcessingTest[43]" classname="DemoBankingApp.ChequeProcessingTests" time="0.3"/> <testcase name="ChequeProcessingTest[44]" classname="DemoBankingApp.ChequeProcessingTests" time="0.301"/> <testcase name="ChequeProcessingTest[45]" classname="DemoBankingApp.ChequeProcessingTests" time="0.301"/> <testcase name="ChequeProcessingTest[46]" classname="DemoBankingApp.ChequeProcessingTests" time="0.3"/> <testcase name="ChequeProcessingTest[47]" classname="DemoBankingApp.ChequeProcessingTests" time="0.3"/> <testcase name="ChequeProcessingTest[48]" classname="DemoBankingApp.ChequeProcessingTests" time="0.301"/> <testcase name="ChequeProcessingTest[49]" classname="DemoBankingApp.ChequeProcessingTests" time="0.3"/> <testcase name="ChequeProcessingTest[50]" classname="DemoBankingApp.ChequeProcessingTests" time="0.301"/> <testcase name="ChequeProcessingTest[51]" classname="DemoBankingApp.ChequeProcessingTests" time="0.302"/> <testcase name="ChequeProcessingTest[52]" classname="DemoBankingApp.ChequeProcessingTests" time="0.3"/> <testcase name="ChequeProcessingTest[53]" classname="DemoBankingApp.ChequeProcessingTests" time="0.302"/> <testcase name="ChequeProcessingTest[54]" classname="DemoBankingApp.ChequeProcessingTests" time="0.301"/> <testcase name="ChequeProcessingTest[55]" classname="DemoBankingApp.ChequeProcessingTests" time="0.3"/> <testcase name="ChequeProcessingTest[56]" classname="DemoBankingApp.ChequeProcessingTests" time="0.301"/> <testcase name="ChequeProcessingTest[57]" classname="DemoBankingApp.ChequeProcessingTests" time="0.301"/> <testcase name="ChequeProcessingTest[58]" classname="DemoBankingApp.ChequeProcessingTests" time="0.301"/> <testcase name="ChequeProcessingTest[59]" classname="DemoBankingApp.ChequeProcessingTests" time="0.301"/> <testcase name="ChequeProcessingTest[60]" classname="DemoBankingApp.ChequeProcessingTests" time="0.301"/> <testcase name="ChequeProcessingTest[61]" classname="DemoBankingApp.ChequeProcessingTests" time="0.301"/> <testcase name="ChequeProcessingTest[62]" classname="DemoBankingApp.ChequeProcessingTests" time="0.3"/> <testcase name="ChequeProcessingTest[63]" classname="DemoBankingApp.ChequeProcessingTests" time="0.301"/> </testsuite>
<testsuite xmlns:xsi="http://www.w3.org/2001/XMLSchema-instance" xsi:noNamespaceSchemaLocation="https://maven.apache.org/surefire/maven-surefire-plugin/xsd/surefire-test-report.xsd" name="DemoBankingApp.CreditCardApplicationTests" time="7.483" tests="5" errors="0" skipped="0" failures="0"> <properties>
[...]
</properties> <testcase name="CreditCardApplicationTest[1]" classname="DemoBankingApp.CreditCardApplicationTests" time="1.479"/> <testcase name="CreditCardApplicationTest[2]" classname="DemoBankingApp.CreditCardApplicationTests" time="1.501"/> <testcase name="CreditCardApplicationTest[3]" classname="DemoBankingApp.CreditCardApplicationTests" time="1.5"/> <testcase name="CreditCardApplicationTest[4]" classname="DemoBankingApp.CreditCardApplicationTests" time="1.5"/> <testcase name="CreditCardApplicationTest[5]" classname="DemoBankingApp.CreditCardApplicationTests" time="1.501"/> </testsuite>
<testsuite xmlns:xsi="http://www.w3.org/2001/XMLSchema-instance" xsi:noNamespaceSchemaLocation="https://maven.apache.org/surefire/maven-surefire-plugin/xsd/surefire-test-report.xsd" name="DemoBankingApp.CreditCardInterestTests" time="10.504" tests="21" errors="0" skipped="0" failures="0"> <properties>
[...]
</properties> <testcase name="CreditCardInterestInterestTest[1]" classname="DemoBankingApp.CreditCardInterestTests" time="0.473"/> <testcase name="CreditCardInterestInterestTest[2]" classname="DemoBankingApp.CreditCardInterestTests" time="0.501"/> <testcase name="CreditCardInterestInterestTest[3]" classname="DemoBankingApp.CreditCardInterestTests" time="0.5"/> <testcase name="CreditCardInterestInterestTest[4]" classname="DemoBankingApp.CreditCardInterestTests" time="0.502"/> <testcase name="CreditCardInterestInterestTest[5]" classname="DemoBankingApp.CreditCardInterestTests" time="0.5"/> <testcase name="CreditCardInterestInterestTest[6]" classname="DemoBankingApp.CreditCardInterestTests" time="0.5"/> <testcase name="CreditCardInterestInterestTest[7]" classname="DemoBankingApp.CreditCardInterestTests" time="0.502"/> <testcase name="CreditCardInterestInterestTest[8]" classname="DemoBankingApp.CreditCardInterestTests" time="0.5"/> <testcase name="CreditCardInterestInterestTest[9]" classname="DemoBankingApp.CreditCardInterestTests" time="0.5"/> <testcase name="CreditCardInterestInterestTest[10]" classname="DemoBankingApp.CreditCardInterestTests" time="0.5"/> <testcase name="CreditCardInterestInterestTest[11]" classname="DemoBankingApp.CreditCardInterestTests" time="0.5"/> <testcase name="CreditCardInterestInterestTest[12]" classname="DemoBankingApp.CreditCardInterestTests" time="0.5"/> <testcase name="CreditCardInterestInterestTest[13]" classname="DemoBankingApp.CreditCardInterestTests" time="0.501"/> <testcase name="CreditCardInterestInterestTest[14]" classname="DemoBankingApp.CreditCardInterestTests" time="0.501"/> <testcase name="CreditCardInterestInterestTest[15]" classname="DemoBankingApp.CreditCardInterestTests" time="0.502"/> <testcase name="CreditCardInterestInterestTest[16]" classname="DemoBankingApp.CreditCardInterestTests" time="0.501"/> <testcase name="CreditCardInterestInterestTest[17]" classname="DemoBankingApp.CreditCardInterestTests" time="0.5"/> <testcase name="CreditCardInterestInterestTest[18]" classname="DemoBankingApp.CreditCardInterestTests" time="0.501"/> <testcase name="CreditCardInterestInterestTest[19]" classname="DemoBankingApp.CreditCardInterestTests" time="0.5"/> <testcase name="CreditCardInterestInterestTest[20]" classname="DemoBankingApp.CreditCardInterestTests" time="0.5"/> <testcase name="CreditCardInterestInterestTest[21]" classname="DemoBankingApp.CreditCardInterestTests" time="0.5"/> </testsuite>
<testsuite xmlns:xsi="http://www.w3.org/2001/XMLSchema-instance" xsi:noNamespaceSchemaLocation="https://maven.apache.org/surefire/maven-surefire-plugin/xsd/surefire-test-report.xsd" name="DemoBankingApp.JointAccountTests" time="14.247" tests="19" errors="0" skipped="0" failures="0"> <properties>
[...]
</properties> <testcase name="JointAccountTest[1]" classname="DemoBankingApp.JointAccountTests" time="0.73"/> <testcase name="JointAccountTest[2]" classname="DemoBankingApp.JointAccountTests" time="0.751"/> <testcase name="JointAccountTest[3]" classname="DemoBankingApp.JointAccountTests" time="0.751"/> <testcase name="JointAccountTest[4]" classname="DemoBankingApp.JointAccountTests" time="0.751"/> <testcase name="JointAccountTest[5]" classname="DemoBankingApp.JointAccountTests" time="0.75"/> <testcase name="JointAccountTest[6]" classname="DemoBankingApp.JointAccountTests" time="0.75"/> <testcase name="JointAccountTest[7]" classname="DemoBankingApp.JointAccountTests" time="0.75"/> <testcase name="JointAccountTest[8]" classname="DemoBankingApp.JointAccountTests" time="0.751"/> <testcase name="JointAccountTest[9]" classname="DemoBankingApp.JointAccountTests" time="0.751"/> <testcase name="JointAccountTest[10]" classname="DemoBankingApp.JointAccountTests" time="0.751"/> <testcase name="JointAccountTest[11]" classname="DemoBankingApp.JointAccountTests" time="0.749"/> <testcase name="JointAccountTest[12]" classname="DemoBankingApp.JointAccountTests" time="0.751"/> <testcase name="JointAccountTest[13]" classname="DemoBankingApp.JointAccountTests" time="0.75"/> <testcase name="JointAccountTest[14]" classname="DemoBankingApp.JointAccountTests" time="0.751"/> <testcase name="JointAccountTest[15]" classname="DemoBankingApp.JointAccountTests" time="0.751"/> <testcase name="JointAccountTest[16]" classname="DemoBankingApp.JointAccountTests" time="0.751"/> <testcase name="JointAccountTest[17]" classname="DemoBankingApp.JointAccountTests" time="0.75"/> <testcase name="JointAccountTest[18]" classname="DemoBankingApp.JointAccountTests" time="0.75"/> <testcase name="JointAccountTest[19]" classname="DemoBankingApp.JointAccountTests" time="0.751"/> </testsuite>
<testsuite xmlns:xsi="http://www.w3.org/2001/XMLSchema-instance" xsi:noNamespaceSchemaLocation="https://maven.apache.org/surefire/maven-surefire-plugin/xsd/surefire-test-report.xsd" name="DemoBankingApp.LoginTests" time="92.322" tests="82" errors="0" skipped="0" failures="0"> <properties>
[...]
</properties> <testcase name="LoginTest[1]" classname="DemoBankingApp.LoginTests" time="1.099"/> <testcase name="LoginTest[2]" classname="DemoBankingApp.LoginTests" time="1.126"/> <testcase name="LoginTest[3]" classname="DemoBankingApp.LoginTests" time="1.125"/> <testcase name="LoginTest[4]" classname="DemoBankingApp.LoginTests" time="1.125"/> <testcase name="LoginTest[5]" classname="DemoBankingApp.LoginTests" time="1.127"/> <testcase name="LoginTest[6]" classname="DemoBankingApp.LoginTests" time="1.126"/> <testcase name="LoginTest[7]" classname="DemoBankingApp.LoginTests" time="1.126"/> <testcase name="LoginTest[8]" classname="DemoBankingApp.LoginTests" time="1.126"/> <testcase name="LoginTest[9]" classname="DemoBankingApp.LoginTests" time="1.127"/> <testcase name="LoginTest[10]" classname="DemoBankingApp.LoginTests" time="1.126"/> <testcase name="LoginTest[11]" classname="DemoBankingApp.LoginTests" time="1.124"/> <testcase name="LoginTest[12]" classname="DemoBankingApp.LoginTests" time="1.125"/> <testcase name="LoginTest[13]" classname="DemoBankingApp.LoginTests" time="1.126"/> <testcase name="LoginTest[14]" classname="DemoBankingApp.LoginTests" time="1.126"/> <testcase name="LoginTest[15]" classname="DemoBankingApp.LoginTests" time="1.125"/> <testcase name="LoginTest[16]" classname="DemoBankingApp.LoginTests" time="1.127"/> <testcase name="LoginTest[17]" classname="DemoBankingApp.LoginTests" time="1.125"/> <testcase name="LoginTest[18]" classname="DemoBankingApp.LoginTests" time="1.126"/> <testcase name="LoginTest[19]" classname="DemoBankingApp.LoginTests" time="1.125"/> <testcase name="LoginTest[20]" classname="DemoBankingApp.LoginTests" time="1.125"/> <testcase name="LoginTest[21]" classname="DemoBankingApp.LoginTests" time="1.126"/> <testcase name="LoginTest[22]" classname="DemoBankingApp.LoginTests" time="1.125"/> <testcase name="LoginTest[23]" classname="DemoBankingApp.LoginTests" time="1.125"/> <testcase name="LoginTest[24]" classname="DemoBankingApp.LoginTests" time="1.126"/> <testcase name="LoginTest[25]" classname="DemoBankingApp.LoginTests" time="1.126"/> <testcase name="LoginTest[26]" classname="DemoBankingApp.LoginTests" time="1.126"/> <testcase name="LoginTest[27]" classname="DemoBankingApp.LoginTests" time="1.125"/> <testcase name="LoginTest[28]" classname="DemoBankingApp.LoginTests" time="1.124"/> <testcase name="LoginTest[29]" classname="DemoBankingApp.LoginTests" time="1.126"/> <testcase name="LoginTest[30]" classname="DemoBankingApp.LoginTests" time="1.126"/> <testcase name="LoginTest[31]" classname="DemoBankingApp.LoginTests" time="1.126"/> <testcase name="LoginTest[32]" classname="DemoBankingApp.LoginTests" time="1.125"/> <testcase name="LoginTest[33]" classname="DemoBankingApp.LoginTests" time="1.126"/> <testcase name="LoginTest[34]" classname="DemoBankingApp.LoginTests" time="1.126"/> <testcase name="LoginTest[35]" classname="DemoBankingApp.LoginTests" time="1.126"/> <testcase name="LoginTest[36]" classname="DemoBankingApp.LoginTests" time="1.126"/> <testcase name="LoginTest[37]" classname="DemoBankingApp.LoginTests" time="1.126"/> <testcase name="LoginTest[38]" classname="DemoBankingApp.LoginTests" time="1.126"/> <testcase name="LoginTest[39]" classname="DemoBankingApp.LoginTests" time="1.126"/> <testcase name="LoginTest[40]" classname="DemoBankingApp.LoginTests" time="1.125"/> <testcase name="LoginTest[41]" classname="DemoBankingApp.LoginTests" time="1.126"/> <testcase name="LoginTest[42]" classname="DemoBankingApp.LoginTests" time="1.127"/> <testcase name="LoginTest[43]" classname="DemoBankingApp.LoginTests" time="1.125"/> <testcase name="LoginTest[44]" classname="DemoBankingApp.LoginTests" time="1.126"/> <testcase name="LoginTest[45]" classname="DemoBankingApp.LoginTests" time="1.126"/> <testcase name="LoginTest[46]" classname="DemoBankingApp.LoginTests" time="1.126"/> <testcase name="LoginTest[47]" classname="DemoBankingApp.LoginTests" time="1.125"/> <testcase name="LoginTest[48]" classname="DemoBankingApp.LoginTests" time="1.125"/> <testcase name="LoginTest[49]" classname="DemoBankingApp.LoginTests" time="1.127"/> <testcase name="LoginTest[50]" classname="DemoBankingApp.LoginTests" time="1.126"/> <testcase name="LoginTest[51]" classname="DemoBankingApp.LoginTests" time="1.125"/> <testcase name="LoginTest[52]" classname="DemoBankingApp.LoginTests" time="1.126"/> <testcase name="LoginTest[53]" classname="DemoBankingApp.LoginTests" time="1.126"/> <testcase name="LoginTest[54]" classname="DemoBankingApp.LoginTests" time="1.126"/> <testcase name="LoginTest[55]" classname="DemoBankingApp.LoginTests" time="1.126"/> <testcase name="LoginTest[56]" classname="DemoBankingApp.LoginTests" time="1.125"/> <testcase name="LoginTest[57]" classname="DemoBankingApp.LoginTests" time="1.125"/> <testcase name="LoginTest[58]" classname="DemoBankingApp.LoginTests" time="1.125"/> <testcase name="LoginTest[59]" classname="DemoBankingApp.LoginTests" time="1.126"/> <testcase name="LoginTest[60]" classname="DemoBankingApp.LoginTests" time="1.126"/> <testcase name="LoginTest[61]" classname="DemoBankingApp.LoginTests" time="1.126"/> <testcase name="LoginTest[62]" classname="DemoBankingApp.LoginTests" time="1.125"/> <testcase name="LoginTest[63]" classname="DemoBankingApp.LoginTests" time="1.127"/> <testcase name="LoginTest[64]" classname="DemoBankingApp.LoginTests" time="1.125"/> <testcase name="LoginTest[65]" classname="DemoBankingApp.LoginTests" time="1.127"/> <testcase name="LoginTest[66]" classname="DemoBankingApp.LoginTests" time="1.125"/> <testcase name="LoginTest[67]" classname="DemoBankingApp.LoginTests" time="1.125"/> <testcase name="LoginTest[68]" classname="DemoBankingApp.LoginTests" time="1.125"/> <testcase name="LoginTest[69]" classname="DemoBankingApp.LoginTests" time="1.125"/> <testcase name="LoginTest[70]" classname="DemoBankingApp.LoginTests" time="1.124"/> <testcase name="LoginTest[71]" classname="DemoBankingApp.LoginTests" time="1.126"/> <testcase name="LoginTest[72]" classname="DemoBankingApp.LoginTests" time="1.124"/> <testcase name="LoginTest[73]" classname="DemoBankingApp.LoginTests" time="1.126"/> <testcase name="LoginTest[74]" classname="DemoBankingApp.LoginTests" time="1.125"/> <testcase name="LoginTest[75]" classname="DemoBankingApp.LoginTests" time="1.126"/> <testcase name="LoginTest[76]" classname="DemoBankingApp.LoginTests" time="1.126"/> <testcase name="LoginTest[77]" classname="DemoBankingApp.LoginTests" time="1.125"/> <testcase name="LoginTest[78]" classname="DemoBankingApp.LoginTests" time="1.126"/> <testcase name="LoginTest[79]" classname="DemoBankingApp.LoginTests" time="1.126"/> <testcase name="LoginTest[80]" classname="DemoBankingApp.LoginTests" time="1.125"/> <testcase name="LoginTest[81]" classname="DemoBankingApp.LoginTests" time="1.125"/> <testcase name="LoginTest[82]" classname="DemoBankingApp.LoginTests" time="1.126"/> </testsuite>
<testsuite xmlns:xsi="http://www.w3.org/2001/XMLSchema-instance" xsi:noNamespaceSchemaLocation="https://maven.apache.org/surefire/maven-surefire-plugin/xsd/surefire-test-report.xsd" name="DemoBankingApp.MobilePaymentTests" time="55.009" tests="22" errors="0" skipped="0" failures="0"> <properties>
[...]
</properties> <testcase name="MobilePaymentTest[1]" classname="DemoBankingApp.MobilePaymentTests" time="2.481"/> <testcase name="MobilePaymentTest[2]" classname="DemoBankingApp.MobilePaymentTests" time="2.5"/> <testcase name="MobilePaymentTest[3]" classname="DemoBankingApp.MobilePaymentTests" time="2.501"/> <testcase name="MobilePaymentTest[4]" classname="DemoBankingApp.MobilePaymentTests" time="2.502"/> <testcase name="MobilePaymentTest[5]" classname="DemoBankingApp.MobilePaymentTests" time="2.501"/> <testcase name="MobilePaymentTest[6]" classname="DemoBankingApp.MobilePaymentTests" time="2.501"/> <testcase name="MobilePaymentTest[7]" classname="DemoBankingApp.MobilePaymentTests" time="2.5"/> <testcase name="MobilePaymentTest[8]" classname="DemoBankingApp.MobilePaymentTests" time="2.501"/> <testcase name="MobilePaymentTest[9]" classname="DemoBankingApp.MobilePaymentTests" time="2.5"/> <testcase name="MobilePaymentTest[10]" classname="DemoBankingApp.MobilePaymentTests" time="2.501"/> <testcase name="MobilePaymentTest[11]" classname="DemoBankingApp.MobilePaymentTests" time="2.501"/> <testcase name="MobilePaymentTest[12]" classname="DemoBankingApp.MobilePaymentTests" time="2.5"/> <testcase name="MobilePaymentTest[13]" classname="DemoBankingApp.MobilePaymentTests" time="2.5"/> <testcase name="MobilePaymentTest[14]" classname="DemoBankingApp.MobilePaymentTests" time="2.501"/> <testcase name="MobilePaymentTest[15]" classname="DemoBankingApp.MobilePaymentTests" time="2.5"/> <testcase name="MobilePaymentTest[16]" classname="DemoBankingApp.MobilePaymentTests" time="2.501"/> <testcase name="MobilePaymentTest[17]" classname="DemoBankingApp.MobilePaymentTests" time="2.501"/> <testcase name="MobilePaymentTest[18]" classname="DemoBankingApp.MobilePaymentTests" time="2.5"/> <testcase name="MobilePaymentTest[19]" classname="DemoBankingApp.MobilePaymentTests" time="2.502"/> <testcase name="MobilePaymentTest[20]" classname="DemoBankingApp.MobilePaymentTests" time="2.501"/> <testcase name="MobilePaymentTest[21]" classname="DemoBankingApp.MobilePaymentTests" time="2.5"/> <testcase name="MobilePaymentTest[22]" classname="DemoBankingApp.MobilePaymentTests" time="2.501"/> </testsuite>
<testsuite xmlns:xsi="http://www.w3.org/2001/XMLSchema-instance" xsi:noNamespaceSchemaLocation="https://maven.apache.org/surefire/maven-surefire-plugin/xsd/surefire-test-report.xsd" name="DemoBankingApp.NavigationTests" time="10.118" tests="9" errors="0" skipped="0" failures="0"> <properties>
[...]
</properties> <testcase name="NavigationTest[1]" classname="DemoBankingApp.NavigationTests" time="1.105"/> <testcase name="NavigationTest[2]" classname="DemoBankingApp.NavigationTests" time="1.125"/> <testcase name="NavigationTest[3]" classname="DemoBankingApp.NavigationTests" time="1.126"/> <testcase name="NavigationTest[4]" classname="DemoBankingApp.NavigationTests" time="1.126"/> <testcase name="NavigationTest[5]" classname="DemoBankingApp.NavigationTests" time="1.125"/> <testcase name="NavigationTest[6]" classname="DemoBankingApp.NavigationTests" time="1.125"/> <testcase name="NavigationTest[7]" classname="DemoBankingApp.NavigationTests" time="1.126"/> <testcase name="NavigationTest[8]" classname="DemoBankingApp.NavigationTests" time="1.126"/> <testcase name="NavigationTest[9]" classname="DemoBankingApp.NavigationTests" time="1.126"/> </testsuite>
<testsuite xmlns:xsi="http://www.w3.org/2001/XMLSchema-instance" xsi:noNamespaceSchemaLocation="https://maven.apache.org/surefire/maven-surefire-plugin/xsd/surefire-test-report.xsd" name="DemoBankingApp.OnlineAccountTests" time="27.032" tests="9" errors="0" skipped="0" failures="0"> <properties>
[...]
</properties> <testcase name="OnlineAccountTest1" classname="DemoBankingApp.OnlineAccountTests" time="3.004"/> <testcase name="OnlineAccountTest2" classname="DemoBankingApp.OnlineAccountTests" time="2.999"/> <testcase name="OnlineAccountTest3" classname="DemoBankingApp.OnlineAccountTests" time="3"/> <testcase name="OnlineAccountTest4[1]" classname="DemoBankingApp.OnlineAccountTests" time="3.001"/> <testcase name="OnlineAccountTest4[2]" classname="DemoBankingApp.OnlineAccountTests" time="3"/> <testcase name="OnlineAccountTest5" classname="DemoBankingApp.OnlineAccountTests" time="3.001"/> <testcase name="OnlineAccountTest6" classname="DemoBankingApp.OnlineAccountTests" time="3"/> <testcase name="OnlineAccountTest7" classname="DemoBankingApp.OnlineAccountTests" time="3"/> <testcase name="OnlineAccountTest8" classname="DemoBankingApp.OnlineAccountTests" time="3.001"/> </testsuite>
<testsuite xmlns:xsi="http://www.w3.org/2001/XMLSchema-instance" xsi:noNamespaceSchemaLocation="https://maven.apache.org/surefire/maven-surefire-plugin/xsd/surefire-test-report.xsd" name="DemoBankingApp.OnlinePaymentTests" time="7.483" tests="6" errors="0" skipped="0" failures="0"> <properties>
[...]
</properties> <testcase name="OnlinePaymentTest[1]" classname="DemoBankingApp.OnlinePaymentTests" time="1.225"/> <testcase name="OnlinePaymentTest[2]" classname="DemoBankingApp.OnlinePaymentTests" time="1.25"/> <testcase name="OnlinePaymentTest[3]" classname="DemoBankingApp.OnlinePaymentTests" time="1.251"/> <testcase name="OnlinePaymentTest[4]" classname="DemoBankingApp.OnlinePaymentTests" time="1.251"/> <testcase name="OnlinePaymentTest[5]" classname="DemoBankingApp.OnlinePaymentTests" time="1.25"/> <testcase name="OnlinePaymentTest[6]" classname="DemoBankingApp.OnlinePaymentTests" time="1.251"/> </testsuite>
<testsuite xmlns:xsi="http://www.w3.org/2001/XMLSchema-instance" xsi:noNamespaceSchemaLocation="https://maven.apache.org/surefire/maven-surefire-plugin/xsd/surefire-test-report.xsd" name="DemoBankingApp.OnlineTransfersTests" time="16.845" tests="15" errors="0" skipped="0" failures="0"> <properties>
[...]
</properties> <testcase name="OnlineTransfersTest[1]" classname="DemoBankingApp.OnlineTransfersTests" time="1.076"/> <testcase name="OnlineTransfersTest[2]" classname="DemoBankingApp.OnlineTransfersTests" time="1.125"/> <testcase name="OnlineTransfersTest[3]" classname="DemoBankingApp.OnlineTransfersTests" time="1.126"/> <testcase name="OnlineTransfersTest[4]" classname="DemoBankingApp.OnlineTransfersTests" time="1.126"/> <testcase name="OnlineTransfersTest[5]" classname="DemoBankingApp.OnlineTransfersTests" time="1.125"/> <testcase name="OnlineTransfersTest[6]" classname="DemoBankingApp.OnlineTransfersTests" time="1.126"/> <testcase name="OnlineTransfersTest[7]" classname="DemoBankingApp.OnlineTransfersTests" time="1.126"/> <testcase name="OnlineTransfersTest[8]" classname="DemoBankingApp.OnlineTransfersTests" time="1.125"/> <testcase name="OnlineTransfersTest[9]" classname="DemoBankingApp.OnlineTransfersTests" time="1.125"/> <testcase name="OnlineTransfersTest[10]" classname="DemoBankingApp.OnlineTransfersTests" time="1.125"/> <testcase name="OnlineTransfersTest[11]" classname="DemoBankingApp.OnlineTransfersTests" time="1.126"/> <testcase name="OnlineTransfersTest[12]" classname="DemoBankingApp.OnlineTransfersTests" time="1.125"/> <testcase name="OnlineTransfersTest[13]" classname="DemoBankingApp.OnlineTransfersTests" time="1.125"/> <testcase name="OnlineTransfersTest[14]" classname="DemoBankingApp.OnlineTransfersTests" time="1.126"/> <testcase name="OnlineTransfersTest[15]" classname="DemoBankingApp.OnlineTransfersTests" time="1.125"/> </testsuite>
<testsuite xmlns:xsi="http://www.w3.org/2001/XMLSchema-instance" xsi:noNamespaceSchemaLocation="https://maven.apache.org/surefire/maven-surefire-plugin/xsd/surefire-test-report.xsd" name="DemoBankingApp.PaymentTests" time="39.634" tests="33" errors="0" skipped="0" failures="0"> <properties>
[...]
</properties> <testcase name="PaymentTest[1]" classname="DemoBankingApp.PaymentTests" time="1.183"/> <testcase name="PaymentTest[2]" classname="DemoBankingApp.PaymentTests" time="1.202"/> <testcase name="PaymentTest[3]" classname="DemoBankingApp.PaymentTests" time="1.2"/> <testcase name="PaymentTest[4]" classname="DemoBankingApp.PaymentTests" time="1.201"/> <testcase name="PaymentTest[5]" classname="DemoBankingApp.PaymentTests" time="1.201"/> <testcase name="PaymentTest[6]" classname="DemoBankingApp.PaymentTests" time="1.202"/> <testcase name="PaymentTest[7]" classname="DemoBankingApp.PaymentTests" time="1.201"/> <testcase name="PaymentTest[8]" classname="DemoBankingApp.PaymentTests" time="1.202"/> <testcase name="PaymentTest[9]" classname="DemoBankingApp.PaymentTests" time="1.2"/> <testcase name="PaymentTest[10]" classname="DemoBankingApp.PaymentTests" time="1.201"/> <testcase name="PaymentTest[11]" classname="DemoBankingApp.PaymentTests" time="1.201"/> <testcase name="PaymentTest[12]" classname="DemoBankingApp.PaymentTests" time="1.2"/> <testcase name="PaymentTest[13]" classname="DemoBankingApp.PaymentTests" time="1.201"/> <testcase name="PaymentTest[14]" classname="DemoBankingApp.PaymentTests" time="1.201"/> <testcase name="PaymentTest[15]" classname="DemoBankingApp.PaymentTests" time="1.202"/> <testcase name="PaymentTest[16]" classname="DemoBankingApp.PaymentTests" time="1.203"/> <testcase name="PaymentTest[17]" classname="DemoBankingApp.PaymentTests" time="1.201"/> <testcase name="PaymentTest[18]" classname="DemoBankingApp.PaymentTests" time="1.2"/> <testcase name="PaymentTest[19]" classname="DemoBankingApp.PaymentTests" time="1.201"/> <testcase name="PaymentTest[20]" classname="DemoBankingApp.PaymentTests" time="1.2"/> <testcase name="PaymentTest[21]" classname="DemoBankingApp.PaymentTests" time="1.201"/> <testcase name="PaymentTest[22]" classname="DemoBankingApp.PaymentTests" time="1.201"/> <testcase name="PaymentTest[23]" classname="DemoBankingApp.PaymentTests" time="1.201"/> <testcase name="PaymentTest[24]" classname="DemoBankingApp.PaymentTests" time="1.201"/> <testcase name="PaymentTest[25]" classname="DemoBankingApp.PaymentTests" time="1.201"/> <testcase name="PaymentTest[26]" classname="DemoBankingApp.PaymentTests" time="1.2"/> <testcase name="PaymentTest[27]" classname="DemoBankingApp.PaymentTests" time="1.201"/> <testcase name="PaymentTest[28]" classname="DemoBankingApp.PaymentTests" time="1.2"/> <testcase name="PaymentTest[29]" classname="DemoBankingApp.PaymentTests" time="1.201"/> <testcase name="PaymentTest[30]" classname="DemoBankingApp.PaymentTests" time="1.2"/> <testcase name="PaymentTest[31]" classname="DemoBankingApp.PaymentTests" time="1.2"/> <testcase name="PaymentTest[32]" classname="DemoBankingApp.PaymentTests" time="1.2"/> <testcase name="PaymentTest[33]" classname="DemoBankingApp.PaymentTests" time="1.201"/> </testsuite>
<testsuite xmlns:xsi="http://www.w3.org/2001/XMLSchema-instance" xsi:noNamespaceSchemaLocation="https://maven.apache.org/surefire/maven-surefire-plugin/xsd/surefire-test-report.xsd" name="DemoBankingApp.SavingAccountInterestTests" time="5.493" tests="11" errors="0" skipped="0" failures="0"> <properties>
[...]
</properties> <testcase name="SavingAccountInterestTest[1]" classname="DemoBankingApp.SavingAccountInterestTests" time="0.477"/> <testcase name="SavingAccountInterestTest[2]" classname="DemoBankingApp.SavingAccountInterestTests" time="0.502"/> <testcase name="SavingAccountInterestTest[3]" classname="DemoBankingApp.SavingAccountInterestTests" time="0.501"/> <testcase name="SavingAccountInterestTest[4]" classname="DemoBankingApp.SavingAccountInterestTests" time="0.5"/> <testcase name="SavingAccountInterestTest[5]" classname="DemoBankingApp.SavingAccountInterestTests" time="0.501"/> <testcase name="SavingAccountInterestTest[6]" classname="DemoBankingApp.SavingAccountInterestTests" time="0.501"/> <testcase name="SavingAccountInterestTest[7]" classname="DemoBankingApp.SavingAccountInterestTests" time="0.5"/> <testcase name="SavingAccountInterestTest[8]" classname="DemoBankingApp.SavingAccountInterestTests" time="0.501"/> <testcase name="SavingAccountInterestTest[9]" classname="DemoBankingApp.SavingAccountInterestTests" time="0.5"/> <testcase name="SavingAccountInterestTest[10]" classname="DemoBankingApp.SavingAccountInterestTests" time="0.501"/> <testcase name="SavingAccountInterestTest[11]" classname="DemoBankingApp.SavingAccountInterestTests" time="0.502"/> </testsuite>
<testsuite xmlns:xsi="http://www.w3.org/2001/XMLSchema-instance" xsi:noNamespaceSchemaLocation="https://maven.apache.org/surefire/maven-surefire-plugin/xsd/surefire-test-report.xsd" name="DemoBankingApp.SavingsAccountTests" time="36.058" tests="48" errors="0" skipped="0" failures="0"> <properties>
[...]
</properties> <testcase name="SavingAccountTest[1]" classname="DemoBankingApp.SavingsAccountTests" time="0.732"/> <testcase name="SavingAccountTest[2]" classname="DemoBankingApp.SavingsAccountTests" time="0.751"/> <testcase name="SavingAccountTest[3]" classname="DemoBankingApp.SavingsAccountTests" time="0.751"/> <testcase name="SavingAccountTest[4]" classname="DemoBankingApp.SavingsAccountTests" time="0.75"/> <testcase name="SavingAccountTest[5]" classname="DemoBankingApp.SavingsAccountTests" time="0.752"/> <testcase name="SavingAccountTest[6]" classname="DemoBankingApp.SavingsAccountTests" time="0.751"/> <testcase name="SavingAccountTest[7]" classname="DemoBankingApp.SavingsAccountTests" time="0.751"/> <testcase name="SavingAccountTest[8]" classname="DemoBankingApp.SavingsAccountTests" time="0.75"/> <testcase name="SavingAccountTest[9]" classname="DemoBankingApp.SavingsAccountTests" time="0.751"/> <testcase name="SavingAccountTest[10]" classname="DemoBankingApp.SavingsAccountTests" time="0.75"/> <testcase name="SavingAccountTest[11]" classname="DemoBankingApp.SavingsAccountTests" time="0.75"/> <testcase name="SavingAccountTest[12]" classname="DemoBankingApp.SavingsAccountTests" time="0.752"/> <testcase name="SavingAccountTest[13]" classname="DemoBankingApp.SavingsAccountTests" time="0.75"/> <testcase name="SavingAccountTest[14]" classname="DemoBankingApp.SavingsAccountTests" time="0.751"/> <testcase name="SavingAccountTest[15]" classname="DemoBankingApp.SavingsAccountTests" time="0.75"/> <testcase name="SavingAccountTest[16]" classname="DemoBankingApp.SavingsAccountTests" time="0.752"/> <testcase name="SavingAccountTest[17]" classname="DemoBankingApp.SavingsAccountTests" time="0.75"/> <testcase name="SavingAccountTest[18]" classname="DemoBankingApp.SavingsAccountTests" time="0.75"/> <testcase name="SavingAccountTest[19]" classname="DemoBankingApp.SavingsAccountTests" time="0.751"/> <testcase name="SavingAccountTest[20]" classname="DemoBankingApp.SavingsAccountTests" time="0.75"/> <testcase name="SavingAccountTest[21]" classname="DemoBankingApp.SavingsAccountTests" time="0.751"/> <testcase name="SavingAccountTest[22]" classname="DemoBankingApp.SavingsAccountTests" time="0.751"/> <testcase name="SavingAccountTest[23]" classname="DemoBankingApp.SavingsAccountTests" time="0.752"/> <testcase name="SavingAccountTest[24]" classname="DemoBankingApp.SavingsAccountTests" time="0.749"/> <testcase name="SavingAccountTest[25]" classname="DemoBankingApp.SavingsAccountTests" time="0.751"/> <testcase name="SavingAccountTest[26]" classname="DemoBankingApp.SavingsAccountTests" time="0.75"/> <testcase name="SavingAccountTest[27]" classname="DemoBankingApp.SavingsAccountTests" time="0.752"/> <testcase name="SavingAccountTest[28]" classname="DemoBankingApp.SavingsAccountTests" time="0.75"/> <testcase name="SavingAccountTest[29]" classname="DemoBankingApp.SavingsAccountTests" time="0.751"/> <testcase name="SavingAccountTest[30]" classname="DemoBankingApp.SavingsAccountTests" time="0.752"/> <testcase name="SavingAccountTest[31]" classname="DemoBankingApp.SavingsAccountTests" time="0.751"/> <testcase name="SavingAccountTest[32]" classname="DemoBankingApp.SavingsAccountTests" time="0.752"/> <testcase name="SavingAccountTest[33]" classname="DemoBankingApp.SavingsAccountTests" time="0.754"/> <testcase name="SavingAccountTest[34]" classname="DemoBankingApp.SavingsAccountTests" time="0.75"/> <testcase name="SavingAccountTest[35]" classname="DemoBankingApp.SavingsAccountTests" time="0.75"/> <testcase name="SavingAccountTest[36]" classname="DemoBankingApp.SavingsAccountTests" time="0.751"/> <testcase name="SavingAccountTest[37]" classname="DemoBankingApp.SavingsAccountTests" time="0.75"/> <testcase name="SavingAccountTest[38]" classname="DemoBankingApp.SavingsAccountTests" time="0.751"/> <testcase name="SavingAccountTest[39]" classname="DemoBankingApp.SavingsAccountTests" time="0.751"/> <testcase name="SavingAccountTest[40]" classname="DemoBankingApp.SavingsAccountTests" time="0.75"/> <testcase name="SavingAccountTest[41]" classname="DemoBankingApp.SavingsAccountTests" time="0.751"/> <testcase name="SavingAccountTest[42]" classname="DemoBankingApp.SavingsAccountTests" time="0.751"/> <testcase name="SavingAccountTest[43]" classname="DemoBankingApp.SavingsAccountTests" time="0.75"/> <testcase name="SavingAccountTest[44]" classname="DemoBankingApp.SavingsAccountTests" time="0.75"/> <testcase name="SavingAccountTest[45]" classname="DemoBankingApp.SavingsAccountTests" time="0.75"/> <testcase name="SavingAccountTest[46]" classname="DemoBankingApp.SavingsAccountTests" time="0.751"/> <testcase name="SavingAccountTest[47]" classname="DemoBankingApp.SavingsAccountTests" time="0.75"/> <testcase name="SavingAccountTest[48]" classname="DemoBankingApp.SavingsAccountTests" time="0.751"/> </testsuite>
<testsuite xmlns:xsi="http://www.w3.org/2001/XMLSchema-instance" xsi:noNamespaceSchemaLocation="https://maven.apache.org/surefire/maven-surefire-plugin/xsd/surefire-test-report.xsd" name="DemoBankingApp.TransfersTests" time="93.641" tests="78" errors="0" skipped="0" failures="0"> <properties>
[...]
</properties> <testcase name="TransfersTest[1]" classname="DemoBankingApp.TransfersTests" time="1.178"/> <testcase name="TransfersTest[2]" classname="DemoBankingApp.TransfersTests" time="1.2"/> <testcase name="TransfersTest[3]" classname="DemoBankingApp.TransfersTests" time="1.201"/> <testcase name="TransfersTest[4]" classname="DemoBankingApp.TransfersTests" time="1.201"/> <testcase name="TransfersTest[5]" classname="DemoBankingApp.TransfersTests" time="1.2"/> <testcase name="TransfersTest[6]" classname="DemoBankingApp.TransfersTests" time="1.201"/> <testcase name="TransfersTest[7]" classname="DemoBankingApp.TransfersTests" time="1.2"/> <testcase name="TransfersTest[8]" classname="DemoBankingApp.TransfersTests" time="1.201"/> <testcase name="TransfersTest[9]" classname="DemoBankingApp.TransfersTests" time="1.2"/> <testcase name="TransfersTest[10]" classname="DemoBankingApp.TransfersTests" time="1.201"/> <testcase name="TransfersTest[11]" classname="DemoBankingApp.TransfersTests" time="1.202"/> <testcase name="TransfersTest[12]" classname="DemoBankingApp.TransfersTests" time="1.201"/> <testcase name="TransfersTest[13]" classname="DemoBankingApp.TransfersTests" time="1.201"/> <testcase name="TransfersTest[14]" classname="DemoBankingApp.TransfersTests" time="1.2"/> <testcase name="TransfersTest[15]" classname="DemoBankingApp.TransfersTests" time="1.201"/> <testcase name="TransfersTest[16]" classname="DemoBankingApp.TransfersTests" time="1.2"/> <testcase name="TransfersTest[17]" classname="DemoBankingApp.TransfersTests" time="1.2"/> <testcase name="TransfersTest[18]" classname="DemoBankingApp.TransfersTests" time="1.2"/> <testcase name="TransfersTest[19]" classname="DemoBankingApp.TransfersTests" time="1.2"/> <testcase name="TransfersTest[20]" classname="DemoBankingApp.TransfersTests" time="1.201"/> <testcase name="TransfersTest[21]" classname="DemoBankingApp.TransfersTests" time="1.2"/> <testcase name="TransfersTest[22]" classname="DemoBankingApp.TransfersTests" time="1.201"/> <testcase name="TransfersTest[23]" classname="DemoBankingApp.TransfersTests" time="1.2"/> <testcase name="TransfersTest[24]" classname="DemoBankingApp.TransfersTests" time="1.201"/> <testcase name="TransfersTest[25]" classname="DemoBankingApp.TransfersTests" time="1.201"/> <testcase name="TransfersTest[26]" classname="DemoBankingApp.TransfersTests" time="1.201"/> <testcase name="TransfersTest[27]" classname="DemoBankingApp.TransfersTests" time="1.2"/> <testcase name="TransfersTest[28]" classname="DemoBankingApp.TransfersTests" time="1.2"/> <testcase name="TransfersTest[29]" classname="DemoBankingApp.TransfersTests" time="1.201"/> <testcase name="TransfersTest[30]" classname="DemoBankingApp.TransfersTests" time="1.199"/> <testcase name="TransfersTest[31]" classname="DemoBankingApp.TransfersTests" time="1.201"/> <testcase name="TransfersTest[32]" classname="DemoBankingApp.TransfersTests" time="1.2"/> <testcase name="TransfersTest[33]" classname="DemoBankingApp.TransfersTests" time="1.201"/> <testcase name="TransfersTest[34]" classname="DemoBankingApp.TransfersTests" time="1.201"/> <testcase name="TransfersTest[35]" classname="DemoBankingApp.TransfersTests" time="1.201"/> <testcase name="TransfersTest[36]" classname="DemoBankingApp.TransfersTests" time="1.201"/> <testcase name="TransfersTest[37]" classname="DemoBankingApp.TransfersTests" time="1.2"/> <testcase name="TransfersTest[38]" classname="DemoBankingApp.TransfersTests" time="1.202"/> <testcase name="TransfersTest[39]" classname="DemoBankingApp.TransfersTests" time="1.2"/> <testcase name="TransfersTest[40]" classname="DemoBankingApp.TransfersTests" time="1.2"/> <testcase name="TransfersTest[41]" classname="DemoBankingApp.TransfersTests" time="1.201"/> <testcase name="TransfersTest[42]" classname="DemoBankingApp.TransfersTests" time="1.201"/> <testcase name="TransfersTest[43]" classname="DemoBankingApp.TransfersTests" time="1.2"/> <testcase name="TransfersTest[44]" classname="DemoBankingApp.TransfersTests" time="1.201"/> <testcase name="TransfersTest[45]" classname="DemoBankingApp.TransfersTests" time="1.2"/> <testcase name="TransfersTest[46]" classname="DemoBankingApp.TransfersTests" time="1.202"/> <testcase name="TransfersTest[47]" classname="DemoBankingApp.TransfersTests" time="1.2"/> <testcase name="TransfersTest[48]" classname="DemoBankingApp.TransfersTests" time="1.2"/> <testcase name="TransfersTest[49]" classname="DemoBankingApp.TransfersTests" time="1.2"/> <testcase name="TransfersTest[50]" classname="DemoBankingApp.TransfersTests" time="1.2"/> <testcase name="TransfersTest[51]" classname="DemoBankingApp.TransfersTests" time="1.201"/> <testcase name="TransfersTest[52]" classname="DemoBankingApp.TransfersTests" time="1.2"/> <testcase name="TransfersTest[53]" classname="DemoBankingApp.TransfersTests" time="1.201"/> <testcase name="TransfersTest[54]" classname="DemoBankingApp.TransfersTests" time="1.2"/> <testcase name="TransfersTest[55]" classname="DemoBankingApp.TransfersTests" time="1.201"/> <testcase name="TransfersTest[56]" classname="DemoBankingApp.TransfersTests" time="1.2"/> <testcase name="TransfersTest[57]" classname="DemoBankingApp.TransfersTests" time="1.201"/> <testcase name="TransfersTest[58]" classname="DemoBankingApp.TransfersTests" time="1.2"/> <testcase name="TransfersTest[59]" classname="DemoBankingApp.TransfersTests" time="1.2"/> <testcase name="TransfersTest[60]" classname="DemoBankingApp.TransfersTests" time="1.201"/> <testcase name="TransfersTest[61]" classname="DemoBankingApp.TransfersTests" time="1.2"/> <testcase name="TransfersTest[62]" classname="DemoBankingApp.TransfersTests" time="1.201"/> <testcase name="TransfersTest[63]" classname="DemoBankingApp.TransfersTests" time="1.201"/> <testcase name="TransfersTest[64]" classname="DemoBankingApp.TransfersTests" time="1.201"/> <testcase name="TransfersTest[65]" classname="DemoBankingApp.TransfersTests" time="1.201"/> <testcase name="TransfersTest[66]" classname="DemoBankingApp.TransfersTests" time="1.2"/> <testcase name="TransfersTest[67]" classname="DemoBankingApp.TransfersTests" time="1.199"/> <testcase name="TransfersTest[68]" classname="DemoBankingApp.TransfersTests" time="1.201"/> <testcase name="TransfersTest[69]" classname="DemoBankingApp.TransfersTests" time="1.201"/> <testcase name="TransfersTest[70]" classname="DemoBankingApp.TransfersTests" time="1.2"/> <testcase name="TransfersTest[71]" classname="DemoBankingApp.TransfersTests" time="1.201"/> <testcase name="TransfersTest[72]" classname="DemoBankingApp.TransfersTests" time="1.2"/> <testcase name="TransfersTest[73]" classname="DemoBankingApp.TransfersTests" time="1.201"/> <testcase name="TransfersTest[74]" classname="DemoBankingApp.TransfersTests" time="1.2"/> <testcase name="TransfersTest[75]" classname="DemoBankingApp.TransfersTests" time="1.201"/> <testcase name="TransfersTest[76]" classname="DemoBankingApp.TransfersTests" time="1.2"/> <testcase name="TransfersTest[77]" classname="DemoBankingApp.TransfersTests" time="1.2"/> <testcase name="TransfersTest[78]" classname="DemoBankingApp.TransfersTests" time="1.201"/> </testsuite>
<testsuite xmlns:xsi="http://www.w3.org/2001/XMLSchema-instance" xsi:noNamespaceSchemaLocation="https://maven.apache.org/surefire/maven-surefire-plugin/xsd/surefire-test-report.xsd" name="DemoBankingApp.UserTests" time="4.793" tests="12" errors="0" skipped="0" failures="0"> <properties>
[...]
</properties> <testcase name="UserTest[1]" classname="DemoBankingApp.UserTests" time="0.383"/> <testcase name="UserTest[2]" classname="DemoBankingApp.UserTests" time="0.401"/> <testcase name="UserTest[3]" classname="DemoBankingApp.UserTests" time="0.4"/> <testcase name="UserTest[4]" classname="DemoBankingApp.UserTests" time="0.401"/> <testcase name="UserTest[5]" classname="DemoBankingApp.UserTests" time="0.4"/> <testcase name="UserTest[6]" classname="DemoBankingApp.UserTests" time="0.401"/> <testcase name="UserTest[7]" classname="DemoBankingApp.UserTests" time="0.401"/> <testcase name="UserTest[8]" classname="DemoBankingApp.UserTests" time="0.4"/> <testcase name="UserTest[9]" classname="DemoBankingApp.UserTests" time="0.402"/> <testcase name="UserTest[10]" classname="DemoBankingApp.UserTests" time="0.401"/> <testcase name="UserTest[11]" classname="DemoBankingApp.UserTests" time="0.4"/> <testcase name="UserTest[12]" classname="DemoBankingApp.UserTests" time="0.401"/> </testsuite>
<testsuite xmlns:xsi="http://www.w3.org/2001/XMLSchema-instance" xsi:noNamespaceSchemaLocation="https://maven.apache.org/surefire/maven-surefire-plugin/xsd/surefire-test-report.xsd" name="DemoBankingApp.WirePaymentTests" time="4.482" tests="6" errors="0" skipped="0" failures="0"> <properties>
[...]
</properties> <testcase name="WirePaymentTest[1]" classname="DemoBankingApp.WirePaymentTests" time="0.729"/> <testcase name="WirePaymentTest[2]" classname="DemoBankingApp.WirePaymentTests" time="0.751"/> <testcase name="WirePaymentTest[3]" classname="DemoBankingApp.WirePaymentTests" time="0.75"/> <testcase name="WirePaymentTest[4]" classname="DemoBankingApp.WirePaymentTests" time="0.751"/> <testcase name="WirePaymentTest[5]" classname="DemoBankingApp.WirePaymentTests" time="0.75"/> <testcase name="WirePaymentTest[6]" classname="DemoBankingApp.WirePaymentTests" time="0.75"/> </testsuite>
</testsuites>
